c:\_2022___\_rabota__hh__source__my\tcpsentxmlparse2\mfcapplicationrealtime\x64\debug\mfcapplicationrealtime.pch
c:\_2022___\_rabota__hh__source__my\tcpsentxmlparse2\mfcapplicationrealtime\x64\debug\vc143.pdb
c:\_2022___\_rabota__hh__source__my\tcpsentxmlparse2\mfcapplicationrealtime\x64\debug\vc143.idb
c:\_2022___\_rabota__hh__source__my\tcpsentxmlparse2\mfcapplicationrealtime\x64\debug\pch.obj
c:\_2022___\_rabota__hh__source__my\tcpsentxmlparse2\mfcapplicationrealtime\x64\debug\tcolortext.obj
c:\_2022___\_rabota__hh__source__my\tcpsentxmlparse2\mfcapplicationrealtime\x64\debug\socketmanager.obj
c:\_2022___\_rabota__hh__source__my\tcpsentxmlparse2\mfcapplicationrealtime\x64\debug\socketcomm.obj
c:\_2022___\_rabota__hh__source__my\tcpsentxmlparse2\mfcapplicationrealtime\x64\debug\serversocketdlg.obj
c:\_2022___\_rabota__hh__source__my\tcpsentxmlparse2\mfcapplicationrealtime\x64\debug\serverdlg.obj
c:\_2022___\_rabota__hh__source__my\tcpsentxmlparse2\mfcapplicationrealtime\x64\debug\opengl_mfcdialogdlg.obj
c:\_2022___\_rabota__hh__source__my\tcpsentxmlparse2\mfcapplicationrealtime\x64\debug\openglrenderer.obj
c:\_2022___\_rabota__hh__source__my\tcpsentxmlparse2\mfcapplicationrealtime\x64\debug\mfcapplicationrealtimedlg.obj
c:\_2022___\_rabota__hh__source__my\tcpsentxmlparse2\mfcapplicationrealtime\x64\debug\mfcapplicationrealtime.obj
c:\_2022___\_rabota__hh__source__my\tcpsentxmlparse2\mfcapplicationrealtime\x64\debug\dynamic3d.obj
c:\_2022___\_rabota__hh__source__my\tcpsentxmlparse2\mfcapplicationrealtime\x64\debug\ctabtwo.obj
c:\_2022___\_rabota__hh__source__my\tcpsentxmlparse2\mfcapplicationrealtime\x64\debug\coloredlistctrl.obj
c:\_2022___\_rabota__hh__source__my\tcpsentxmlparse2\mfcapplicationrealtime\x64\debug\cmytabctrl.obj
c:\_2022___\_rabota__hh__source__my\tcpsentxmlparse2\mfcapplicationrealtime\x64\debug\cmylistctrl.obj
c:\_2022___\_rabota__hh__source__my\tcpsentxmlparse2\mfcapplicationrealtime\x64\debug\cmybutton.obj
c:\_2022___\_rabota__hh__source__my\tcpsentxmlparse2\mfcapplicationrealtime\x64\debug\clientsocketdlg.obj
c:\_2022___\_rabota__hh__source__my\tcpsentxmlparse2\mfcapplicationrealtime\x64\debug\appservicedlg.obj
c:\_2022___\_rabota__hh__source__my\tcpsentxmlparse2\mfcapplicationrealtime\x64\debug\mfcapplicationrealtime.res
c:\_2022___\_rabota__hh__source__my\tcpsentxmlparse2\x64\debug\mfcapplicationrealtime.pdb
c:\_2022___\_rabota__hh__source__my\tcpsentxmlparse2\mfcapplicationrealtime\x64\debug\mfcappli.8c960229.tlog\cl.command.1.tlog
c:\_2022___\_rabota__hh__source__my\tcpsentxmlparse2\mfcapplicationrealtime\x64\debug\mfcappli.8c960229.tlog\cl.read.1.tlog
c:\_2022___\_rabota__hh__source__my\tcpsentxmlparse2\mfcapplicationrealtime\x64\debug\mfcappli.8c960229.tlog\cl.write.1.tlog
c:\_2022___\_rabota__hh__source__my\tcpsentxmlparse2\mfcapplicationrealtime\x64\debug\mfcappli.8c960229.tlog\link-cvtres.read.1.tlog
c:\_2022___\_rabota__hh__source__my\tcpsentxmlparse2\mfcapplicationrealtime\x64\debug\mfcappli.8c960229.tlog\link-cvtres.write.1.tlog
c:\_2022___\_rabota__hh__source__my\tcpsentxmlparse2\mfcapplicationrealtime\x64\debug\mfcappli.8c960229.tlog\link-mt.read.1.tlog
c:\_2022___\_rabota__hh__source__my\tcpsentxmlparse2\mfcapplicationrealtime\x64\debug\mfcappli.8c960229.tlog\link-mt.write.1.tlog
c:\_2022___\_rabota__hh__source__my\tcpsentxmlparse2\mfcapplicationrealtime\x64\debug\mfcappli.8c960229.tlog\link-rc.read.1.tlog
c:\_2022___\_rabota__hh__source__my\tcpsentxmlparse2\mfcapplicationrealtime\x64\debug\mfcappli.8c960229.tlog\link-rc.write.1.tlog
c:\_2022___\_rabota__hh__source__my\tcpsentxmlparse2\mfcapplicationrealtime\x64\debug\mfcappli.8c960229.tlog\link.command.1.tlog
c:\_2022___\_rabota__hh__source__my\tcpsentxmlparse2\mfcapplicationrealtime\x64\debug\mfcappli.8c960229.tlog\link.read.1.tlog
c:\_2022___\_rabota__hh__source__my\tcpsentxmlparse2\mfcapplicationrealtime\x64\debug\mfcappli.8c960229.tlog\link.read.2.tlog
c:\_2022___\_rabota__hh__source__my\tcpsentxmlparse2\mfcapplicationrealtime\x64\debug\mfcappli.8c960229.tlog\link.write.1.tlog
c:\_2022___\_rabota__hh__source__my\tcpsentxmlparse2\mfcapplicationrealtime\x64\debug\mfcappli.8c960229.tlog\rc.command.1.tlog
c:\_2022___\_rabota__hh__source__my\tcpsentxmlparse2\mfcapplicationrealtime\x64\debug\mfcappli.8c960229.tlog\rc.read.1.tlog
c:\_2022___\_rabota__hh__source__my\tcpsentxmlparse2\mfcapplicationrealtime\x64\debug\mfcappli.8c960229.tlog\rc.write.1.tlog
