c:\_2022___\_rabota__hh__source__my\tcpsentxmlparse2\windowsprojectdesktop\x64\debug\vc143.pdb
c:\_2022___\_rabota__hh__source__my\tcpsentxmlparse2\windowsprojectdesktop\x64\debug\vc143.idb
c:\_2022___\_rabota__hh__source__my\tcpsentxmlparse2\windowsprojectdesktop\x64\debug\windowsprojectdesktop.obj
c:\_2022___\_rabota__hh__source__my\tcpsentxmlparse2\windowsprojectdesktop\x64\debug\mainwindow.obj
c:\_2022___\_rabota__hh__source__my\tcpsentxmlparse2\windowsprojectdesktop\x64\debug\childwindow.obj
c:\_2022___\_rabota__hh__source__my\tcpsentxmlparse2\windowsprojectdesktop\x64\debug\basewin.obj
c:\_2022___\_rabota__hh__source__my\tcpsentxmlparse2\x64\debug\windowsprojectdesktop.exe
c:\_2022___\_rabota__hh__source__my\tcpsentxmlparse2\windowsprojectdesktop\x64\debug\windowsprojectdesktop.ilk
c:\_2022___\_rabota__hh__source__my\tcpsentxmlparse2\x64\debug\windowsprojectdesktop.pdb
c:\_2022___\_rabota__hh__source__my\tcpsentxmlparse2\windowsprojectdesktop\x64\debug\windowsprojectdesktop.res
c:\_2022___\_rabota__hh__source__my\tcpsentxmlparse2\windowsprojectdesktop\x64\debug\windowsprojectdesktop.vcxproj.cppwinrt_comp.rsp
c:\_2022___\_rabota__hh__source__my\tcpsentxmlparse2\windowsprojectdesktop\x64\debug\windowsprojectdesktop.vcxproj.cppwinrt_plat.rsp
c:\_2022___\_rabota__hh__source__my\tcpsentxmlparse2\windowsprojectdesktop\x64\debug\windowsprojectdesktop.vcxproj.mdmerge.rsp
c:\_2022___\_rabota__hh__source__my\tcpsentxmlparse2\windowsprojectdesktop\x64\debug\windowsprojectdesktop.vcxproj.midlrt.rsp
c:\_2022___\_rabota__hh__source__my\tcpsentxmlparse2\windowsprojectdesktop\x64\debug\windowsp.75585f74.tlog\cl.command.1.tlog
c:\_2022___\_rabota__hh__source__my\tcpsentxmlparse2\windowsprojectdesktop\x64\debug\windowsp.75585f74.tlog\cl.read.1.tlog
c:\_2022___\_rabota__hh__source__my\tcpsentxmlparse2\windowsprojectdesktop\x64\debug\windowsp.75585f74.tlog\cl.write.1.tlog
c:\_2022___\_rabota__hh__source__my\tcpsentxmlparse2\windowsprojectdesktop\x64\debug\windowsp.75585f74.tlog\link.command.1.tlog
c:\_2022___\_rabota__hh__source__my\tcpsentxmlparse2\windowsprojectdesktop\x64\debug\windowsp.75585f74.tlog\link.read.1.tlog
c:\_2022___\_rabota__hh__source__my\tcpsentxmlparse2\windowsprojectdesktop\x64\debug\windowsp.75585f74.tlog\link.write.1.tlog
c:\_2022___\_rabota__hh__source__my\tcpsentxmlparse2\windowsprojectdesktop\x64\debug\windowsp.75585f74.tlog\rc.command.1.tlog
c:\_2022___\_rabota__hh__source__my\tcpsentxmlparse2\windowsprojectdesktop\x64\debug\windowsp.75585f74.tlog\rc.read.1.tlog
c:\_2022___\_rabota__hh__source__my\tcpsentxmlparse2\windowsprojectdesktop\x64\debug\windowsp.75585f74.tlog\rc.write.1.tlog
