cl : командная строка warning D9035: использование параметра "Gm" нежелательно, он будет удален в следующих выпусках
  stdafx.cpp
cl : командная строка warning D9035: использование параметра "Gm" нежелательно, он будет удален в следующих выпусках
  XmlParser.cpp
  pugixml.cpp
  Functions.cpp
  client_udp.cpp
C:\_2022___\_Rabota__HH__Source__My\TcpSentXmlParse2\client\CumBuffer.h(140,45): warning C4244: инициализация: преобразование "uint64_t" в "size_t", возможна потеря данных
C:\_2022___\_Rabota__HH__Source__My\TcpSentXmlParse2\client\CumBuffer.h(141,45): warning C4244: инициализация: преобразование "uint64_t" в "size_t", возможна потеря данных
C:\_2022___\_Rabota__HH__Source__My\TcpSentXmlParse2\client\CumBuffer.h(193,45): warning C4244: инициализация: преобразование "uint64_t" в "size_t", возможна потеря данных
C:\_2022___\_Rabota__HH__Source__My\TcpSentXmlParse2\client\CumBuffer.h(194,45): warning C4244: инициализация: преобразование "uint64_t" в "size_t", возможна потеря данных
C:\_2022___\_Rabota__HH__Source__My\TcpSentXmlParse2\client\CumBuffer.h(231,45): warning C4244: инициализация: преобразование "uint64_t" в "size_t", возможна потеря данных
C:\_2022___\_Rabota__HH__Source__My\TcpSentXmlParse2\client\CumBuffer.h(316,40): warning C4244: инициализация: преобразование "uint64_t" в "size_t", возможна потеря данных
C:\_2022___\_Rabota__HH__Source__My\TcpSentXmlParse2\client\CumBuffer.h(356,40): warning C4244: инициализация: преобразование "uint64_t" в "size_t", возможна потеря данных
C:\_2022___\_Rabota__HH__Source__My\TcpSentXmlParse2\client\CumBuffer.h(397,40): warning C4244: инициализация: преобразование "uint64_t" в "size_t", возможна потеря данных
  client_tcp.cpp
C:\_2022___\_Rabota__HH__Source__My\TcpSentXmlParse2\client\client_tcp.cpp(47,27): warning C4996: 'inet_addr': Use inet_pton() or InetPton() instead or define _WINSOCK_DEPRECATED_NO_WARNINGS to disable deprecated API warnings
C:\_2022___\_Rabota__HH__Source__My\TcpSentXmlParse2\client\client_tcp.cpp(89,2): warning C4996: 'getche': The POSIX name for this item is deprecated. Instead, use the ISO C and C++ conformant name: _getche. See online help for details.
  ASock.cpp
C:\_2022___\_Rabota__HH__Source__My\TcpSentXmlParse2\client\CumBuffer.h(140,45): warning C4244: инициализация: преобразование "uint64_t" в "size_t", возможна потеря данных
C:\_2022___\_Rabota__HH__Source__My\TcpSentXmlParse2\client\CumBuffer.h(141,45): warning C4244: инициализация: преобразование "uint64_t" в "size_t", возможна потеря данных
C:\_2022___\_Rabota__HH__Source__My\TcpSentXmlParse2\client\CumBuffer.h(193,45): warning C4244: инициализация: преобразование "uint64_t" в "size_t", возможна потеря данных
C:\_2022___\_Rabota__HH__Source__My\TcpSentXmlParse2\client\CumBuffer.h(194,45): warning C4244: инициализация: преобразование "uint64_t" в "size_t", возможна потеря данных
C:\_2022___\_Rabota__HH__Source__My\TcpSentXmlParse2\client\CumBuffer.h(231,45): warning C4244: инициализация: преобразование "uint64_t" в "size_t", возможна потеря данных
C:\_2022___\_Rabota__HH__Source__My\TcpSentXmlParse2\client\CumBuffer.h(316,40): warning C4244: инициализация: преобразование "uint64_t" в "size_t", возможна потеря данных
C:\_2022___\_Rabota__HH__Source__My\TcpSentXmlParse2\client\CumBuffer.h(356,40): warning C4244: инициализация: преобразование "uint64_t" в "size_t", возможна потеря данных
C:\_2022___\_Rabota__HH__Source__My\TcpSentXmlParse2\client\CumBuffer.h(397,40): warning C4244: инициализация: преобразование "uint64_t" в "size_t", возможна потеря данных
C:\_2022___\_Rabota__HH__Source__My\TcpSentXmlParse2\client\ASock.cpp(270,65): warning C4244: =: преобразование "uint64_t" в "size_t", возможна потеря данных
C:\_2022___\_Rabota__HH__Source__My\TcpSentXmlParse2\client\ASock.cpp(400,26): warning C4018: <: несоответствие типов со знаком и без знака
C:\_2022___\_Rabota__HH__Source__My\TcpSentXmlParse2\client\ASock.cpp(839,26): warning C4018: <: несоответствие типов со знаком и без знака
C:\_2022___\_Rabota__HH__Source__My\TcpSentXmlParse2\client\ASock.cpp(916,23): warning C4018: <: несоответствие типов со знаком и без знака
C:\_2022___\_Rabota__HH__Source__My\TcpSentXmlParse2\client\ASock.cpp(951,23): warning C4018: <: несоответствие типов со знаком и без знака
C:\_2022___\_Rabota__HH__Source__My\TcpSentXmlParse2\client\ASock.cpp(1122,23): warning C4018: >: несоответствие типов со знаком и без знака
C:\_2022___\_Rabota__HH__Source__My\TcpSentXmlParse2\client\ASock.cpp(1137,23): warning C4018: >: несоответствие типов со знаком и без знака
C:\_2022___\_Rabota__HH__Source__My\TcpSentXmlParse2\client\ASock.cpp(1118,66): warning C4996: 'strerror': This function or variable may be unsafe. Consider using strerror_s instead. To disable deprecation, use _CRT_SECURE_NO_WARNINGS. See online help for details.
C:\_2022___\_Rabota__HH__Source__My\TcpSentXmlParse2\client\ASock.cpp(1125,69): warning C4996: 'strerror': This function or variable may be unsafe. Consider using strerror_s instead. To disable deprecation, use _CRT_SECURE_NO_WARNINGS. See online help for details.
C:\_2022___\_Rabota__HH__Source__My\TcpSentXmlParse2\client\ASock.cpp(1133,65): warning C4996: 'strerror': This function or variable may be unsafe. Consider using strerror_s instead. To disable deprecation, use _CRT_SECURE_NO_WARNINGS. See online help for details.
C:\_2022___\_Rabota__HH__Source__My\TcpSentXmlParse2\client\ASock.cpp(1140,69): warning C4996: 'strerror': This function or variable may be unsafe. Consider using strerror_s instead. To disable deprecation, use _CRT_SECURE_NO_WARNINGS. See online help for details.
C:\_2022___\_Rabota__HH__Source__My\TcpSentXmlParse2\client\ASock.cpp(1337,77): warning C4244: =: преобразование "uint64_t" в "size_t", возможна потеря данных
C:\_2022___\_Rabota__HH__Source__My\TcpSentXmlParse2\client\ASock.cpp(1493,62): warning C4996: 'strerror': This function or variable may be unsafe. Consider using strerror_s instead. To disable deprecation, use _CRT_SECURE_NO_WARNINGS. See online help for details.
  Создание кода...
ASock.obj : warning LNK4075: не учитывается "/EDITANDCONTINUE" из-за спецификации "/SAFESEH"
  client.vcxproj -> C:\_2022___\_Rabota__HH__Source__My\TcpSentXmlParse2\client\Debug\client.exe
