c:\_2022___\_rabota__hh__source\client - server\windowsprojectdesktop\debug\vc143.pdb
c:\_2022___\_rabota__hh__source\client - server\windowsprojectdesktop\debug\vc143.idb
c:\_2022___\_rabota__hh__source\client - server\windowsprojectdesktop\debug\basewin.obj
c:\_2022___\_rabota__hh__source\client - server\windowsprojectdesktop\debug\mainwindow.obj
c:\_2022___\_rabota__hh__source\client - server\windowsprojectdesktop\debug\windowsprojectdesktop.obj
c:\_2022___\_rabota__hh__source\client - server\windowsprojectdesktop\debug\windowsprojectdesktop.res
c:\_2022___\_rabota__hh__source\client - server\windowsprojectdesktop\debug\windowsprojectdesktop.vcxproj.cppwinrt_comp.rsp
c:\_2022___\_rabota__hh__source\client - server\windowsprojectdesktop\debug\windowsprojectdesktop.vcxproj.cppwinrt_plat.rsp
c:\_2022___\_rabota__hh__source\client - server\windowsprojectdesktop\debug\windowsprojectdesktop.vcxproj.mdmerge.rsp
c:\_2022___\_rabota__hh__source\client - server\windowsprojectdesktop\debug\windowsprojectdesktop.vcxproj.midlrt.rsp
c:\_2022___\_rabota__hh__source\client - server\debug\windowsprojectdesktop.pdb
c:\_2022___\_rabota__hh__source\client - server\windowsprojectdesktop\debug\windowsp.75585f74.tlog\cl.command.1.tlog
c:\_2022___\_rabota__hh__source\client - server\windowsprojectdesktop\debug\windowsp.75585f74.tlog\cl.read.1.tlog
c:\_2022___\_rabota__hh__source\client - server\windowsprojectdesktop\debug\windowsp.75585f74.tlog\cl.write.1.tlog
c:\_2022___\_rabota__hh__source\client - server\windowsprojectdesktop\debug\windowsp.75585f74.tlog\link-cvtres.read.1.tlog
c:\_2022___\_rabota__hh__source\client - server\windowsprojectdesktop\debug\windowsp.75585f74.tlog\link-cvtres.write.1.tlog
c:\_2022___\_rabota__hh__source\client - server\windowsprojectdesktop\debug\windowsp.75585f74.tlog\link-rc.read.1.tlog
c:\_2022___\_rabota__hh__source\client - server\windowsprojectdesktop\debug\windowsp.75585f74.tlog\link-rc.write.1.tlog
c:\_2022___\_rabota__hh__source\client - server\windowsprojectdesktop\debug\windowsp.75585f74.tlog\link.26344-cvtres.read.1.tlog
c:\_2022___\_rabota__hh__source\client - server\windowsprojectdesktop\debug\windowsp.75585f74.tlog\link.26344-cvtres.write.1.tlog
c:\_2022___\_rabota__hh__source\client - server\windowsprojectdesktop\debug\windowsp.75585f74.tlog\link.26344-rc.read.1.tlog
c:\_2022___\_rabota__hh__source\client - server\windowsprojectdesktop\debug\windowsp.75585f74.tlog\link.26344-rc.write.1.tlog
c:\_2022___\_rabota__hh__source\client - server\windowsprojectdesktop\debug\windowsp.75585f74.tlog\link.26344.read.1.tlog
c:\_2022___\_rabota__hh__source\client - server\windowsprojectdesktop\debug\windowsp.75585f74.tlog\link.26344.read.2.tlog
c:\_2022___\_rabota__hh__source\client - server\windowsprojectdesktop\debug\windowsp.75585f74.tlog\link.26344.write.1.tlog
c:\_2022___\_rabota__hh__source\client - server\windowsprojectdesktop\debug\windowsp.75585f74.tlog\link.command.1.tlog
c:\_2022___\_rabota__hh__source\client - server\windowsprojectdesktop\debug\windowsp.75585f74.tlog\link.read.1.tlog
c:\_2022___\_rabota__hh__source\client - server\windowsprojectdesktop\debug\windowsp.75585f74.tlog\link.read.2.tlog
c:\_2022___\_rabota__hh__source\client - server\windowsprojectdesktop\debug\windowsp.75585f74.tlog\link.write.1.tlog
c:\_2022___\_rabota__hh__source\client - server\windowsprojectdesktop\debug\windowsp.75585f74.tlog\rc.command.1.tlog
c:\_2022___\_rabota__hh__source\client - server\windowsprojectdesktop\debug\windowsp.75585f74.tlog\rc.read.1.tlog
c:\_2022___\_rabota__hh__source\client - server\windowsprojectdesktop\debug\windowsp.75585f74.tlog\rc.write.1.tlog
