cl : командная строка warning D9035: использование параметра "Gm" нежелательно, он будет удален в следующих выпусках
  stdafx.cpp
cl : командная строка warning D9035: использование параметра "Gm" нежелательно, он будет удален в следующих выпусках
  XmlParser.cpp
  pugixml.cpp
  Functions.cpp
  SqlServer.cpp
  server_tcp.cpp
C:\_2022___\_Rabota__HH__Source__My\TcpSentXmlParse2\server\server_tcp.cpp(119,2): warning C4996: 'getche': The POSIX name for this item is deprecated. Instead, use the ISO C and C++ conformant name: _getche. See online help for details.
  echo_server_udp.cpp
C:\_2022___\_Rabota__HH__Source__My\TcpSentXmlParse2\server\CumBuffer.h(140,45): warning C4244: инициализация: преобразование "uint64_t" в "size_t", возможна потеря данных
C:\_2022___\_Rabota__HH__Source__My\TcpSentXmlParse2\server\CumBuffer.h(141,45): warning C4244: инициализация: преобразование "uint64_t" в "size_t", возможна потеря данных
C:\_2022___\_Rabota__HH__Source__My\TcpSentXmlParse2\server\CumBuffer.h(193,45): warning C4244: инициализация: преобразование "uint64_t" в "size_t", возможна потеря данных
C:\_2022___\_Rabota__HH__Source__My\TcpSentXmlParse2\server\CumBuffer.h(194,45): warning C4244: инициализация: преобразование "uint64_t" в "size_t", возможна потеря данных
C:\_2022___\_Rabota__HH__Source__My\TcpSentXmlParse2\server\CumBuffer.h(231,45): warning C4244: инициализация: преобразование "uint64_t" в "size_t", возможна потеря данных
C:\_2022___\_Rabota__HH__Source__My\TcpSentXmlParse2\server\CumBuffer.h(316,40): warning C4244: инициализация: преобразование "uint64_t" в "size_t", возможна потеря данных
C:\_2022___\_Rabota__HH__Source__My\TcpSentXmlParse2\server\CumBuffer.h(356,40): warning C4244: инициализация: преобразование "uint64_t" в "size_t", возможна потеря данных
C:\_2022___\_Rabota__HH__Source__My\TcpSentXmlParse2\server\CumBuffer.h(397,40): warning C4244: инициализация: преобразование "uint64_t" в "size_t", возможна потеря данных
  async_server_tcp.cpp
  Please define _WIN32_WINNT or _WIN32_WINDOWS appropriately. For example:
  - add -D_WIN32_WINNT=0x0601 to the compiler command line; or
  - add _WIN32_WINNT=0x0601 to your project's Preprocessor Definitions.
  Assuming _WIN32_WINNT=0x0601 (i.e. Windows 7 target).
C:\_2022___\_Rabota__HH__Source__My\TcpSentXmlParse2\packages\boost.1.80.0\lib\native\include\boost\bind.hpp(41): message : The practice of declaring the Bind placeholders (_1, _2, ...) in the global namespace is deprecated. Please use <boost/bind/bind.hpp> + using namespace boost::placeholders, or define BOOST_BIND_GLOBAL_PLACEHOLDERS to retain the current behavior.
  ASock.cpp
C:\_2022___\_Rabota__HH__Source__My\TcpSentXmlParse2\server\CumBuffer.h(140,45): warning C4244: инициализация: преобразование "uint64_t" в "size_t", возможна потеря данных
C:\_2022___\_Rabota__HH__Source__My\TcpSentXmlParse2\server\CumBuffer.h(141,45): warning C4244: инициализация: преобразование "uint64_t" в "size_t", возможна потеря данных
C:\_2022___\_Rabota__HH__Source__My\TcpSentXmlParse2\server\CumBuffer.h(193,45): warning C4244: инициализация: преобразование "uint64_t" в "size_t", возможна потеря данных
C:\_2022___\_Rabota__HH__Source__My\TcpSentXmlParse2\server\CumBuffer.h(194,45): warning C4244: инициализация: преобразование "uint64_t" в "size_t", возможна потеря данных
C:\_2022___\_Rabota__HH__Source__My\TcpSentXmlParse2\server\CumBuffer.h(231,45): warning C4244: инициализация: преобразование "uint64_t" в "size_t", возможна потеря данных
C:\_2022___\_Rabota__HH__Source__My\TcpSentXmlParse2\server\CumBuffer.h(316,40): warning C4244: инициализация: преобразование "uint64_t" в "size_t", возможна потеря данных
C:\_2022___\_Rabota__HH__Source__My\TcpSentXmlParse2\server\CumBuffer.h(356,40): warning C4244: инициализация: преобразование "uint64_t" в "size_t", возможна потеря данных
C:\_2022___\_Rabota__HH__Source__My\TcpSentXmlParse2\server\CumBuffer.h(397,40): warning C4244: инициализация: преобразование "uint64_t" в "size_t", возможна потеря данных
C:\_2022___\_Rabota__HH__Source__My\TcpSentXmlParse2\server\ASock.cpp(270,65): warning C4244: =: преобразование "uint64_t" в "size_t", возможна потеря данных
C:\_2022___\_Rabota__HH__Source__My\TcpSentXmlParse2\server\ASock.cpp(400,26): warning C4018: <: несоответствие типов со знаком и без знака
C:\_2022___\_Rabota__HH__Source__My\TcpSentXmlParse2\server\ASock.cpp(839,26): warning C4018: <: несоответствие типов со знаком и без знака
C:\_2022___\_Rabota__HH__Source__My\TcpSentXmlParse2\server\ASock.cpp(916,23): warning C4018: <: несоответствие типов со знаком и без знака
C:\_2022___\_Rabota__HH__Source__My\TcpSentXmlParse2\server\ASock.cpp(951,23): warning C4018: <: несоответствие типов со знаком и без знака
C:\_2022___\_Rabota__HH__Source__My\TcpSentXmlParse2\server\ASock.cpp(1122,23): warning C4018: >: несоответствие типов со знаком и без знака
C:\_2022___\_Rabota__HH__Source__My\TcpSentXmlParse2\server\ASock.cpp(1137,23): warning C4018: >: несоответствие типов со знаком и без знака
C:\_2022___\_Rabota__HH__Source__My\TcpSentXmlParse2\server\ASock.cpp(1118,66): warning C4996: 'strerror': This function or variable may be unsafe. Consider using strerror_s instead. To disable deprecation, use _CRT_SECURE_NO_WARNINGS. See online help for details.
C:\_2022___\_Rabota__HH__Source__My\TcpSentXmlParse2\server\ASock.cpp(1125,69): warning C4996: 'strerror': This function or variable may be unsafe. Consider using strerror_s instead. To disable deprecation, use _CRT_SECURE_NO_WARNINGS. See online help for details.
C:\_2022___\_Rabota__HH__Source__My\TcpSentXmlParse2\server\ASock.cpp(1133,65): warning C4996: 'strerror': This function or variable may be unsafe. Consider using strerror_s instead. To disable deprecation, use _CRT_SECURE_NO_WARNINGS. See online help for details.
C:\_2022___\_Rabota__HH__Source__My\TcpSentXmlParse2\server\ASock.cpp(1140,69): warning C4996: 'strerror': This function or variable may be unsafe. Consider using strerror_s instead. To disable deprecation, use _CRT_SECURE_NO_WARNINGS. See online help for details.
C:\_2022___\_Rabota__HH__Source__My\TcpSentXmlParse2\server\ASock.cpp(1337,77): warning C4244: =: преобразование "uint64_t" в "size_t", возможна потеря данных
C:\_2022___\_Rabota__HH__Source__My\TcpSentXmlParse2\server\ASock.cpp(1493,62): warning C4996: 'strerror': This function or variable may be unsafe. Consider using strerror_s instead. To disable deprecation, use _CRT_SECURE_NO_WARNINGS. See online help for details.
  Создание кода...
ASock.obj : warning LNK4075: не учитывается "/EDITANDCONTINUE" из-за спецификации "/SAFESEH"
  server.vcxproj -> C:\_2022___\_Rabota__HH__Source__My\TcpSentXmlParse2\server\Debug\server.exe
