c:\_2022___\_rabota__hh__source__my\tcpsentxmlparse2\server\debug\server.pch
c:\_2022___\_rabota__hh__source__my\tcpsentxmlparse2\server\debug\vc143.pdb
c:\_2022___\_rabota__hh__source__my\tcpsentxmlparse2\server\debug\vc143.idb
c:\_2022___\_rabota__hh__source__my\tcpsentxmlparse2\server\debug\stdafx.obj
c:\_2022___\_rabota__hh__source__my\tcpsentxmlparse2\server\debug\asock.obj
c:\_2022___\_rabota__hh__source__my\tcpsentxmlparse2\server\debug\async_server_tcp.obj
c:\_2022___\_rabota__hh__source__my\tcpsentxmlparse2\server\debug\echo_server_udp.obj
c:\_2022___\_rabota__hh__source__my\tcpsentxmlparse2\server\debug\server_tcp.obj
c:\_2022___\_rabota__hh__source__my\tcpsentxmlparse2\server\debug\sqlserver.obj
c:\_2022___\_rabota__hh__source__my\tcpsentxmlparse2\server\debug\functions.obj
c:\_2022___\_rabota__hh__source__my\tcpsentxmlparse2\server\debug\pugixml.obj
c:\_2022___\_rabota__hh__source__my\tcpsentxmlparse2\server\debug\xmlparser.obj
c:\_2022___\_rabota__hh__source__my\tcpsentxmlparse2\server\debug\server.ilk
c:\_2022___\_rabota__hh__source__my\tcpsentxmlparse2\server\debug\server.exe
c:\_2022___\_rabota__hh__source__my\tcpsentxmlparse2\server\debug\server.pdb
c:\_2022___\_rabota__hh__source__my\tcpsentxmlparse2\server\debug\server.tlog\cl.command.1.tlog
c:\_2022___\_rabota__hh__source__my\tcpsentxmlparse2\server\debug\server.tlog\cl.read.1.tlog
c:\_2022___\_rabota__hh__source__my\tcpsentxmlparse2\server\debug\server.tlog\cl.write.1.tlog
c:\_2022___\_rabota__hh__source__my\tcpsentxmlparse2\server\debug\server.tlog\link.command.1.tlog
c:\_2022___\_rabota__hh__source__my\tcpsentxmlparse2\server\debug\server.tlog\link.read.1.tlog
c:\_2022___\_rabota__hh__source__my\tcpsentxmlparse2\server\debug\server.tlog\link.write.1.tlog
